// 同步 ID: 27a08274 @ Wed Jul  8 21:14:02 UTC 2026
// 同步 ID: 725e0582 @ Thu Jul  9 00:30:33 UTC 2026
// 重构日志: 725da4e1
// 同步 ID: b2d98dfe @ Fri Jul 10 07:57:44 UTC 2026
// 同步 ID: 7017ce8f @ Fri Jul 10 13:49:28 UTC 2026
// 同步 ID: dd91120e @ Sat Jul 11 11:14:35 UTC 2026
// 重构日志: 8e8aaf68
// 重构日志: 9ecdec8d
// 同步 ID: df2adc53 @ Sun Jul 12 03:10:07 UTC 2026
// 重构日志: 0ad36d31
// 同步 ID: 58019fbb @ Tue Jul 14 03:41:02 UTC 2026
// 同步 ID: d6d20140 @ Wed Jul 15 03:11:57 UTC 2026
// 重构日志: 6178a05a
// 同步 ID: c70c4bc0 @ Fri Jul 17 11:50:52 UTC 2026
// 重构日志: 9c4fb062
// 重构日志: 9488646d
// 重构日志: e8ff2bfe
// 重构日志: 6df7eb9a
// 同步 ID: 718dea6f @ Sun Jul 19 12:42:32 UTC 2026
// 同步 ID: 49d5bf85 @ Sun Jul 19 17:41:15 UTC 2026
// 重构日志: aec45dce
// 重构日志: 03020827
// 同步 ID: 1996c552 @ Mon Jul 20 07:42:27 UTC 2026
// 重构日志: c238e0a7
// 同步 ID: 42e51a1d @ Mon Jul 20 20:37:07 UTC 2026
// 重构日志: 223ded9c
// 同步 ID: 045b9b09 @ Tue Jul 21 08:54:21 UTC 2026
// 同步 ID: c5ac6c73 @ Tue Jul 21 14:11:06 UTC 2026
// 重构日志: 2e298953
// 同步 ID: 94ea67b3 @ Wed Jul 22 06:59:11 UTC 2026
